# JRE version: Java(TM) SE Runtime Environment (8.0_40-b27) (build 1.8.0_40-b27)
# Java VM: Java HotSpot(TM) 64-Bit Server VM (25.40-b25 mixed mode bsd-amd64 compressed oops)
Heap:
 PSYoungGen      total 320512K, used 320497K [0x00000007aab00000, 0x00000007c0000000, 0x00000007c0000000)
  eden space 291840K, 100% used [0x00000007aab00000,0x00000007bc800000,0x00000007bc800000)
  from space 28672K, 99% used [0x00000007bc800000,0x00000007be3fc548,0x00000007be400000)
  to   space 28672K, 99% used [0x00000007be400000,0x00000007bfffdda8,0x00000007c0000000)
 ParOldGen       total 145920K, used 93246K [0x0000000780000000, 0x0000000788e80000, 0x00000007aab00000)
  object space 145920K, 63% used [0x0000000780000000,0x0000000785b0fa78,0x0000000788e80000)
 Metaspace       used 77432K, capacity 82482K, committed 82688K, reserved 1122304K
  class space    used 9503K, capacity 10460K, committed 10496K, reserved 1048576K
GC Heap History (10 events):
Event: 3360.545 GC heap after
Heap after GC invocations=52 (full 8):
 PSYoungGen      total 326656K, used 1728K [0x00000007aab00000, 0x00000007bfd80000, 0x00000007c0000000)
  eden space 306688K, 0% used [0x00000007aab00000,0x00000007aab00000,0x00000007bd680000)
  from space 19968K, 8% used [0x00000007bea00000,0x00000007bebb0020,0x00000007bfd80000)
  to   space 19968K, 0% used [0x00000007bd680000,0x00000007bd680000,0x00000007bea00000)
 ParOldGen       total 145920K, used 56347K [0x0000000780000000, 0x0000000788e80000, 0x00000007aab00000)
  object space 145920K, 38% used [0x0000000780000000,0x0000000783706ca0,0x0000000788e80000)
 Metaspace       used 75591K, capacity 79328K, committed 80000K, reserved 1120256K
  class space    used 9190K, capacity 9874K, committed 10112K, reserved 1048576K
}
Event: 3360.545 GC heap before
{Heap before GC invocations=53 (full 9):
 PSYoungGen      total 326656K, used 1728K [0x00000007aab00000, 0x00000007bfd80000, 0x00000007c0000000)
  eden space 306688K, 0% used [0x00000007aab00000,0x00000007aab00000,0x00000007bd680000)
  from space 19968K, 8% used [0x00000007bea00000,0x00000007bebb0020,0x00000007bfd80000)
  to   space 19968K, 0% used [0x00000007bd680000,0x00000007bd680000,0x00000007bea00000)
 ParOldGen       total 145920K, used 56347K [0x0000000780000000, 0x0000000788e80000, 0x00000007aab00000)
  object space 145920K, 38% used [0x0000000780000000,0x0000000783706ca0,0x0000000788e80000)
 Metaspace       used 75591K, capacity 79328K, committed 80000K, reserved 1120256K
  class space    used 9190K, capacity 9874K, committed 10112K, reserved 1048576K
Event: 3361.039 GC heap after
Heap after GC invocations=53 (full 9):
 PSYoungGen      total 326656K, used 0K [0x00000007aab00000, 0x00000007bfd80000, 0x00000007c0000000)
  eden space 306688K, 0% used [0x00000007aab00000,0x00000007aab00000,0x00000007bd680000)
  from space 19968K, 0% used [0x00000007bea00000,0x00000007bea00000,0x00000007bfd80000)
  to   space 19968K, 0% used [0x00000007bd680000,0x00000007bd680000,0x00000007bea00000)
 ParOldGen       total 145920K, used 57044K [0x0000000780000000, 0x0000000788e80000, 0x00000007aab00000)
  object space 145920K, 39% used [0x0000000780000000,0x00000007837b50d0,0x0000000788e80000)
 Metaspace       used 75440K, capacity 79036K, committed 80000K, reserved 1120256K
  class space    used 9162K, capacity 9794K, committed 10112K, reserved 1048576K
}
Event: 3916.750 GC heap before
{Heap before GC invocations=54 (full 9):
 PSYoungGen      total 326656K, used 306688K [0x00000007aab00000, 0x00000007bfd80000, 0x00000007c0000000)
  eden space 306688K, 100% used [0x00000007aab00000,0x00000007bd680000,0x00000007bd680000)
  from space 19968K, 0% used [0x00000007bea00000,0x00000007bea00000,0x00000007bfd80000)
  to   space 19968K, 0% used [0x00000007bd680000,0x00000007bd680000,0x00000007bea00000)
 ParOldGen       total 145920K, used 57044K [0x0000000780000000, 0x0000000788e80000, 0x00000007aab00000)
  object space 145920K, 39% used [0x0000000780000000,0x00000007837b50d0,0x0000000788e80000)
 Metaspace       used 77060K, capacity 81906K, committed 82048K, reserved 1120256K
  class space    used 9466K, capacity 10358K, committed 10368K, reserved 1048576K
Event: 3916.767 GC heap after
Heap after GC invocations=54 (full 9):
 PSYoungGen      total 326656K, used 12496K [0x00000007aab00000, 0x00000007c0000000, 0x00000007c0000000)
  eden space 306688K, 0% used [0x00000007aab00000,0x00000007aab00000,0x00000007bd680000)
  from space 19968K, 62% used [0x00000007bd680000,0x00000007be2b4260,0x00000007bea00000)
  to   space 20480K, 0% used [0x00000007bec00000,0x00000007bec00000,0x00000007c0000000)
 ParOldGen       total 145920K, used 57052K [0x0000000780000000, 0x0000000788e80000, 0x00000007aab00000)
  object space 145920K, 39% used [0x0000000780000000,0x00000007837b70d0,0x0000000788e80000)
 Metaspace       used 77060K, capacity 81906K, committed 82048K, reserved 1120256K
  class space    used 9466K, capacity 10358K, committed 10368K, reserved 1048576K
}
Event: 3919.704 GC heap before
{Heap before GC invocations=55 (full 9):
 PSYoungGen      total 326656K, used 319184K [0x00000007aab00000, 0x00000007c0000000, 0x00000007c0000000)
  eden space 306688K, 100% used [0x00000007aab00000,0x00000007bd680000,0x00000007bd680000)
  from space 19968K, 62% used [0x00000007bd680000,0x00000007be2b4260,0x00000007bea00000)
  to   space 20480K, 0% used [0x00000007bec00000,0x00000007bec00000,0x00000007c0000000)
 ParOldGen       total 145920K, used 57052K [0x0000000780000000, 0x0000000788e80000, 0x00000007aab00000)
  object space 145920K, 39% used [0x0000000780000000,0x00000007837b70d0,0x0000000788e80000)
 Metaspace       used 77358K, capacity 82354K, committed 82432K, reserved 1122304K
  class space    used 9502K, capacity 10460K, committed 10496K, reserved 1048576K
Event: 3919.730 GC heap after
Heap after GC invocations=55 (full 9):
 PSYoungGen      total 312320K, used 20465K [0x00000007aab00000, 0x00000007c0000000, 0x00000007c0000000)
  eden space 291840K, 0% used [0x00000007aab00000,0x00000007aab00000,0x00000007bc800000)
  from space 20480K, 99% used [0x00000007bec00000,0x00000007bfffc5d0,0x00000007c0000000)
  to   space 28672K, 0% used [0x00000007bc800000,0x00000007bc800000,0x00000007be400000)
 ParOldGen       total 145920K, used 70005K [0x0000000780000000, 0x0000000788e80000, 0x00000007aab00000)
  object space 145920K, 47% used [0x0000000780000000,0x000000078445d7d8,0x0000000788e80000)
 Metaspace       used 77358K, capacity 82354K, committed 82432K, reserved 1122304K
  class space    used 9502K, capacity 10460K, committed 10496K, reserved 1048576K
}
Event: 3920.793 GC heap before
{Heap before GC invocations=56 (full 9):
 PSYoungGen      total 312320K, used 312305K [0x00000007aab00000, 0x00000007c0000000, 0x00000007c0000000)
  eden space 291840K, 100% used [0x00000007aab00000,0x00000007bc800000,0x00000007bc800000)
  from space 20480K, 99% used [0x00000007bec00000,0x00000007bfffc5d0,0x00000007c0000000)
  to   space 28672K, 0% used [0x00000007bc800000,0x00000007bc800000,0x00000007be400000)
 ParOldGen       total 145920K, used 70005K [0x0000000780000000, 0x0000000788e80000, 0x00000007aab00000)
  object space 145920K, 47% used [0x0000000780000000,0x000000078445d7d8,0x0000000788e80000)
 Metaspace       used 77412K, capacity 82482K, committed 82688K, reserved 1122304K
  class space    used 9502K, capacity 10460K, committed 10496K, reserved 1048576K
Event: 3920.842 GC heap after
Heap after GC invocations=56 (full 9):
 PSYoungGen      total 320512K, used 28657K [0x00000007aab00000, 0x00000007c0000000, 0x00000007c0000000)
  eden space 291840K, 0% used [0x00000007aab00000,0x00000007aab00000,0x00000007bc800000)
  from space 28672K, 99% used [0x00000007bc800000,0x00000007be3fc548,0x00000007be400000)
  to   space 28672K, 0% used [0x00000007be400000,0x00000007be400000,0x00000007c0000000)
 ParOldGen       total 145920K, used 92391K [0x0000000780000000, 0x0000000788e80000, 0x00000007aab00000)
  object space 145920K, 63% used [0x0000000780000000,0x0000000785a39f68,0x0000000788e80000)
 Metaspace       used 77412K, capacity 82482K, committed 82688K, reserved 1122304K
  class space    used 9502K, capacity 10460K, committed 10496K, reserved 1048576K
}
Event: 3928.418 GC heap before
{Heap before GC invocations=57 (full 9):
 PSYoungGen      total 320512K, used 320497K [0x00000007aab00000, 0x00000007c0000000, 0x00000007c0000000)
  eden space 291840K, 100% used [0x00000007aab00000,0x00000007bc800000,0x00000007bc800000)
  from space 28672K, 99% used [0x00000007bc800000,0x00000007be3fc548,0x00000007be400000)
  to   space 28672K, 0% used [0x00000007be400000,0x00000007be400000,0x00000007c0000000)
 ParOldGen       total 145920K, used 92391K [0x0000000780000000, 0x0000000788e80000, 0x00000007aab00000)
  object space 145920K, 63% used [0x0000000780000000,0x0000000785a39f68,0x0000000788e80000)
 Metaspace       used 77432K, capacity 82482K, committed 82688K, reserved 1122304K
  class space    used 9503K, capacity 10460K, committed 10496K, reserved 1048576K

